<?xml version="1.0" encoding="UTF-8"?>
<!-- Generated by org.testng.reporters.JUnitXMLReporter -->
<testsuite ignored="0" hostname="DESKTOP-T5380G9" failures="0" tests="4" name="Test" time="26.486" errors="0" timestamp="2024-09-02T10:37:44 IST">
  <testcase classname="Popups.AlertPopupExTest" name="alertPopupExTest" time="5.044"/>
  <testcase classname="AdvancedScenarios.HandlingAutoSuggestionEx1Test" name="suggestion" time="7.949"/>
  <testcase classname="demo.AbsoluteXpathTest" name="absolutexpath" time="3.506"/>
  <testcase classname="demo.Flipkart2Test" name="flipkart2" time="9.929"/>
</testsuite> <!-- Test -->
