<?xml version="1.0" encoding="UTF-8"?>
<testng-results ignored="0" total="1" passed="1" failed="0" skipped="0">
  <reporter-output>
  </reporter-output>
  <suite started-at="2024-12-07T12:54:30 IST" name="Default suite" finished-at="2024-12-07T12:54:35 IST" duration-ms="5326">
    <groups>
    </groups>
    <test started-at="2024-12-07T12:54:30 IST" name="Default test" finished-at="2024-12-07T12:54:35 IST" duration-ms="5326">
      <class name="testNgPractice.TakingScreenShot">
        <test-method signature="m1()[pri:0, instance:testNgPractice.TakingScreenShot@3e58a80e]" started-at="2024-12-07T12:54:30 IST" name="m1" finished-at="2024-12-07T12:54:35 IST" duration-ms="5279" status="PASS">
          <reporter-output>
          </reporter-output>
        </test-method> <!-- m1 -->
      </class> <!-- testNgPractice.TakingScreenShot -->
    </test> <!-- Default test -->
  </suite> <!-- Default suite -->
</testng-results>
