<?xml version="1.0" encoding="UTF-8"?>
<testng-results ignored="8" total="11" passed="3" failed="0" skipped="0">
  <reporter-output>
  </reporter-output>
  <suite started-at="2024-12-17T11:19:13 IST" name="Suite" finished-at="2024-12-17T11:20:38 IST" duration-ms="84617">
    <groups>
      <group name="Regression">
        <method signature="CreateOrganisationTest.createOrganisationTest()[pri:0, instance:Organisation.CreateOrganisationTest@6069db50]" name="createOrganisationTest" class="Organisation.CreateOrganisationTest"/>
      </group> <!-- Regression -->
      <group name="sanity">
        <method signature="CreateProductTest.createProductTest()[pri:0, instance:Product.CreateProductTest@7f0eb4b4]" name="createProductTest" class="Product.CreateProductTest"/>
      </group> <!-- sanity -->
    </groups>
    <test started-at="2024-12-17T11:19:13 IST" name="Test" finished-at="2024-12-17T11:20:38 IST" duration-ms="84617">
      <class name="Campaign.CreateCampaignTest">
        <test-method is-config="true" signature="bc()[pri:0, instance:Campaign.CreateCampaignTest@9597028]" started-at="2024-12-17T11:20:03 IST" name="bc" finished-at="2024-12-17T11:20:04 IST" duration-ms="1245" status="PASS">
          <reporter-output>
          </reporter-output>
        </test-method> <!-- bc -->
        <test-method is-config="true" signature="bm()[pri:0, instance:Campaign.CreateCampaignTest@9597028]" started-at="2024-12-17T11:20:04 IST" name="bm" finished-at="2024-12-17T11:20:07 IST" duration-ms="3447" status="PASS">
          <reporter-output>
          </reporter-output>
        </test-method> <!-- bm -->
        <test-method signature="createCampaignTest()[pri:0, instance:Campaign.CreateCampaignTest@9597028]" started-at="2024-12-17T11:20:07 IST" name="createCampaignTest" finished-at="2024-12-17T11:20:20 IST" duration-ms="12402" status="PASS">
          <reporter-output>
          </reporter-output>
        </test-method> <!-- createCampaignTest -->
        <test-method is-config="true" signature="am()[pri:0, instance:Campaign.CreateCampaignTest@9597028]" started-at="2024-12-17T11:20:20 IST" name="am" finished-at="2024-12-17T11:20:21 IST" duration-ms="1083" status="PASS">
          <reporter-output>
          </reporter-output>
        </test-method> <!-- am -->
        <test-method is-config="true" signature="ac()[pri:0, instance:Campaign.CreateCampaignTest@9597028]" started-at="2024-12-17T11:20:21 IST" name="ac" finished-at="2024-12-17T11:20:21 IST" duration-ms="230" status="PASS">
          <reporter-output>
          </reporter-output>
        </test-method> <!-- ac -->
      </class> <!-- Campaign.CreateCampaignTest -->
      <class name="Organisation.CreateOrganisationTest">
        <test-method is-config="true" signature="bc()[pri:0, instance:Organisation.CreateOrganisationTest@6069db50]" started-at="2024-12-17T11:20:21 IST" name="bc" finished-at="2024-12-17T11:20:22 IST" duration-ms="1364" status="PASS">
          <reporter-output>
          </reporter-output>
        </test-method> <!-- bc -->
        <test-method is-config="true" signature="bm()[pri:0, instance:Organisation.CreateOrganisationTest@6069db50]" started-at="2024-12-17T11:20:22 IST" name="bm" finished-at="2024-12-17T11:20:26 IST" duration-ms="3373" status="PASS">
          <reporter-output>
          </reporter-output>
        </test-method> <!-- bm -->
        <test-method signature="createOrganisationTest()[pri:0, instance:Organisation.CreateOrganisationTest@6069db50]" started-at="2024-12-17T11:20:26 IST" name="createOrganisationTest" finished-at="2024-12-17T11:20:36 IST" duration-ms="10302" status="PASS">
          <reporter-output>
          </reporter-output>
        </test-method> <!-- createOrganisationTest -->
        <test-method is-config="true" signature="am()[pri:0, instance:Organisation.CreateOrganisationTest@6069db50]" started-at="2024-12-17T11:20:36 IST" name="am" finished-at="2024-12-17T11:20:37 IST" duration-ms="1262" status="PASS">
          <reporter-output>
          </reporter-output>
        </test-method> <!-- am -->
        <test-method is-config="true" signature="ac()[pri:0, instance:Organisation.CreateOrganisationTest@6069db50]" started-at="2024-12-17T11:20:37 IST" name="ac" finished-at="2024-12-17T11:20:38 IST" duration-ms="227" status="PASS">
          <reporter-output>
          </reporter-output>
        </test-method> <!-- ac -->
      </class> <!-- Organisation.CreateOrganisationTest -->
      <class name="Product.CreateProductTest">
        <test-method is-config="true" signature="bs()[pri:0, instance:Product.CreateProductTest@7f0eb4b4]" started-at="2024-12-17T11:19:13 IST" name="bs" finished-at="2024-12-17T11:19:13 IST" duration-ms="11" status="PASS">
          <reporter-output>
          </reporter-output>
        </test-method> <!-- bs -->
        <test-method is-config="true" signature="bt()[pri:0, instance:Product.CreateProductTest@7f0eb4b4]" started-at="2024-12-17T11:19:13 IST" name="bt" finished-at="2024-12-17T11:19:13 IST" duration-ms="0" status="PASS">
          <reporter-output>
          </reporter-output>
        </test-method> <!-- bt -->
        <test-method is-config="true" signature="bc()[pri:0, instance:Product.CreateProductTest@7f0eb4b4]" started-at="2024-12-17T11:19:13 IST" name="bc" finished-at="2024-12-17T11:19:17 IST" duration-ms="3175" status="PASS">
          <reporter-output>
          </reporter-output>
        </test-method> <!-- bc -->
        <test-method is-config="true" signature="bm()[pri:0, instance:Product.CreateProductTest@7f0eb4b4]" started-at="2024-12-17T11:19:17 IST" name="bm" finished-at="2024-12-17T11:19:33 IST" duration-ms="15883" status="PASS">
          <reporter-output>
          </reporter-output>
        </test-method> <!-- bm -->
        <test-method signature="createProductTest()[pri:0, instance:Product.CreateProductTest@7f0eb4b4]" started-at="2024-12-17T11:19:33 IST" name="createProductTest" finished-at="2024-12-17T11:20:00 IST" duration-ms="27967" status="PASS">
          <reporter-output>
          </reporter-output>
        </test-method> <!-- createProductTest -->
        <test-method is-config="true" signature="am()[pri:0, instance:Product.CreateProductTest@7f0eb4b4]" started-at="2024-12-17T11:20:00 IST" name="am" finished-at="2024-12-17T11:20:02 IST" duration-ms="1824" status="PASS">
          <reporter-output>
          </reporter-output>
        </test-method> <!-- am -->
        <test-method is-config="true" signature="ac()[pri:0, instance:Product.CreateProductTest@7f0eb4b4]" started-at="2024-12-17T11:20:02 IST" name="ac" finished-at="2024-12-17T11:20:03 IST" duration-ms="303" status="PASS">
          <reporter-output>
          </reporter-output>
        </test-method> <!-- ac -->
        <test-method is-config="true" signature="at()[pri:0, instance:Product.CreateProductTest@7f0eb4b4]" started-at="2024-12-17T11:20:38 IST" name="at" finished-at="2024-12-17T11:20:38 IST" duration-ms="0" status="PASS">
          <reporter-output>
          </reporter-output>
        </test-method> <!-- at -->
        <test-method is-config="true" signature="as()[pri:0, instance:Product.CreateProductTest@7f0eb4b4]" started-at="2024-12-17T11:20:38 IST" name="as" finished-at="2024-12-17T11:20:38 IST" duration-ms="1" status="PASS">
          <reporter-output>
          </reporter-output>
        </test-method> <!-- as -->
      </class> <!-- Product.CreateProductTest -->
    </test> <!-- Test -->
  </suite> <!-- Suite -->
</testng-results>
